app/build/outputs/logs/manifest-merger-debug-report.txt
-- Merging decision tree log ---
manifest
ADDED from src\main\AndroidManifest.xml:2:1-251:12
	package
		ADDED from src\main\AndroidManifest.xml:3:5-26
		INJECTED from src\main\AndroidManifest.xml
		INJECTED from src\main\AndroidManifest.xml
	android:versionName
		ADDED from src\main\AndroidManifest.xml:5:5-30
		INJECTED from src\main\AndroidManifest.xml
		INJECTED from src\main\AndroidManifest.xml
	android:versionCode
		ADDED from src\main\AndroidManifest.xml:4:5-28
		INJECTED from src\main\AndroidManifest.xml
		INJECTED from src\main\AndroidManifest.xml
	xmlns:android
		ADDED from src\main\AndroidManifest.xml:2:11-69
uses-sdk
ADDED from src\main\AndroidManifest.xml:7:5-9:41
	android:targetSdkVersion
		ADDED from src\main\AndroidManifest.xml:9:9-38
		INJECTED from src\main\AndroidManifest.xml
		INJECTED from src\main\AndroidManifest.xml
	android:minSdkVersion
		ADDED from src\main\AndroidManifest.xml:8:9-35
		INJECTED from src\main\AndroidManifest.xml
		INJECTED from src\main\AndroidManifest.xml
uses-permission#android.permission.MOUNT_UNMOUNT_FILESYSTEMS
ADDED from src\main\AndroidManifest.xml:11:5-84
	android:name
		ADDED from src\main\AndroidManifest.xml:11:22-81
uses-permission#android.permission.WRITE_EXTERNAL_STORAGE
ADDED from src\main\AndroidManifest.xml:13:5-81
	android:name
		ADDED from src\main\AndroidManifest.xml:13:22-78
uses-permission#android.permission.ACCESS_COARSE_LOCATION
ADDED from src\main\AndroidManifest.xml:14:5-15:23
	android:name
		ADDED from src\main\AndroidManifest.xml:14:22-78
uses-permission#android.permission.ACCESS_FINE_LOCATION
ADDED from src\main\AndroidManifest.xml:16:5-17:23
	android:name
		ADDED from src\main\AndroidManifest.xml:16:22-76
uses-permission#android.permission.ACCESS_WIFI_STATE
ADDED from src\main\AndroidManifest.xml:18:5-19:23
	android:name
		ADDED from src\main\AndroidManifest.xml:18:22-73
uses-permission#android.permission.ACCESS_NETWORK_STATE
ADDED from src\main\AndroidManifest.xml:20:5-21:23
	android:name
		ADDED from src\main\AndroidManifest.xml:20:22-76
uses-permission#android.permission.READ_PHONE_STATE
ADDED from src\main\AndroidManifest.xml:22:5-23:23
	android:name
		ADDED from src\main\AndroidManifest.xml:22:22-72
uses-permission#android.permission.INTERNET
ADDED from src\main\AndroidManifest.xml:24:5-67
	android:name
		ADDED from src\main\AndroidManifest.xml:24:22-64
permission#oem.permission.SENDMAIL
ADDED from src\main\AndroidManifest.xml:26:5-29:18
	android:protectionLevel
		ADDED from src\main\AndroidManifest.xml:28:9-41
	android:name
		ADDED from src\main\AndroidManifest.xml:27:9-47
application
ADDED from src\main\AndroidManifest.xml:31:5-249:19
	android:label
		ADDED from src\main\AndroidManifest.xml:34:9-41
	android:allowBackup
		ADDED from src\main\AndroidManifest.xml:32:9-35
	android:icon
		ADDED from src\main\AndroidManifest.xml:33:9-47
	android:theme
		ADDED from src\main\AndroidManifest.xml:35:9-40
service#com.baidu.location.f
ADDED from src\main\AndroidManifest.xml:38:9-47:19
	android:enabled
		ADDED from src\main\AndroidManifest.xml:40:13-35
	android:process
		ADDED from src\main\AndroidManifest.xml:42:13-38
	android:permission
		ADDED from src\main\AndroidManifest.xml:41:13-57
	android:name
		ADDED from src\main\AndroidManifest.xml:39:13-48
intent-filter#com.baidu.location.service_v2.2
ADDED from src\main\AndroidManifest.xml:43:13-46:29
action#com.baidu.location.service_v2.2
ADDED from src\main\AndroidManifest.xml:44:17-45:26
	android:name
		ADDED from src\main\AndroidManifest.xml:44:25-71
meta-data#com.baidu.lbsapi.API_KEY
ADDED from src\main\AndroidManifest.xml:49:9-51:56
	android:value
		ADDED from src\main\AndroidManifest.xml:51:13-53
	android:name
		ADDED from src\main\AndroidManifest.xml:50:13-52
activity#com.bn.tour.SplashActivity
ADDED from src\main\AndroidManifest.xml:53:9-62:20
	android:screenOrientation
		ADDED from src\main\AndroidManifest.xml:55:13-49
	android:theme
		ADDED from src\main\AndroidManifest.xml:56:13-77
	android:name
		ADDED from src\main\AndroidManifest.xml:54:13-54
intent-filter#android.intent.action.MAIN+android.intent.category.LAUNCHER
ADDED from src\main\AndroidManifest.xml:57:13-61:29
action#android.intent.action.MAIN
ADDED from src\main\AndroidManifest.xml:58:17-69
	android:name
		ADDED from src\main\AndroidManifest.xml:58:25-66
category#android.intent.category.LAUNCHER
ADDED from src\main\AndroidManifest.xml:60:17-77
	android:name
		ADDED from src\main\AndroidManifest.xml:60:27-74
activity#com.bn.tour.ButtomFrame
ADDED from src\main\AndroidManifest.xml:63:9-67:20
	android:screenOrientation
		ADDED from src\main\AndroidManifest.xml:65:13-49
	android:theme
		ADDED from src\main\AndroidManifest.xml:66:13-66
	android:name
		ADDED from src\main\AndroidManifest.xml:64:13-51
activity#com.bn.tour.MainActivity
ADDED from src\main\AndroidManifest.xml:69:9-73:20
	android:screenOrientation
		ADDED from src\main\AndroidManifest.xml:71:13-49
	android:theme
		ADDED from src\main\AndroidManifest.xml:72:13-66
	android:name
		ADDED from src\main\AndroidManifest.xml:70:13-52
activity#com.bn.tour.ExploreActivity
ADDED from src\main\AndroidManifest.xml:74:9-78:20
	android:screenOrientation
		ADDED from src\main\AndroidManifest.xml:76:13-49
	android:theme
		ADDED from src\main\AndroidManifest.xml:77:13-66
	android:name
		ADDED from src\main\AndroidManifest.xml:75:13-55
activity#com.bn.travelnote.MoreTravelTopicActivity
ADDED from src\main\AndroidManifest.xml:79:9-83:20
	android:screenOrientation
		ADDED from src\main\AndroidManifest.xml:81:13-49
	android:theme
		ADDED from src\main\AndroidManifest.xml:82:13-66
	android:name
		ADDED from src\main\AndroidManifest.xml:80:13-69
activity#com.bn.bbs.BlockActivity
ADDED from src\main\AndroidManifest.xml:84:9-88:20
	android:screenOrientation
		ADDED from src\main\AndroidManifest.xml:86:13-49
	android:theme
		ADDED from src\main\AndroidManifest.xml:87:13-66
	android:name
		ADDED from src\main\AndroidManifest.xml:85:13-52
activity#com.bn.tour.MainMyActivity
ADDED from src\main\AndroidManifest.xml:89:9-93:20
	android:screenOrientation
		ADDED from src\main\AndroidManifest.xml:91:13-49
	android:theme
		ADDED from src\main\AndroidManifest.xml:92:13-66
	android:name
		ADDED from src\main\AndroidManifest.xml:90:13-54
activity#com.bn.bbs.SearchBlockActivity
ADDED from src\main\AndroidManifest.xml:94:9-98:20
	android:screenOrientation
		ADDED from src\main\AndroidManifest.xml:96:13-49
	android:theme
		ADDED from src\main\AndroidManifest.xml:97:13-66
	android:name
		ADDED from src\main\AndroidManifest.xml:95:13-58
activity#com.bn.bbs.TopicActivity
ADDED from src\main\AndroidManifest.xml:99:9-103:20
	android:screenOrientation
		ADDED from src\main\AndroidManifest.xml:101:13-49
	android:theme
		ADDED from src\main\AndroidManifest.xml:102:13-66
	android:name
		ADDED from src\main\AndroidManifest.xml:100:13-52
activity#com.bn.bbs.PublishTopicActivity
ADDED from src\main\AndroidManifest.xml:104:9-108:20
	android:screenOrientation
		ADDED from src\main\AndroidManifest.xml:106:13-49
	android:theme
		ADDED from src\main\AndroidManifest.xml:107:13-66
	android:name
		ADDED from src\main\AndroidManifest.xml:105:13-59
activity#com.bn.bbs.ReplyActivity
ADDED from src\main\AndroidManifest.xml:109:9-113:20
	android:screenOrientation
		ADDED from src\main\AndroidManifest.xml:111:13-49
	android:theme
		ADDED from src\main\AndroidManifest.xml:112:13-66
	android:name
		ADDED from src\main\AndroidManifest.xml:110:13-52
activity#com.bn.getnativepicture.PicAlbumActivity
ADDED from src\main\AndroidManifest.xml:114:9-118:20
	android:screenOrientation
		ADDED from src\main\AndroidManifest.xml:116:13-49
	android:theme
		ADDED from src\main\AndroidManifest.xml:117:13-66
	android:name
		ADDED from src\main\AndroidManifest.xml:115:13-68
activity#com.bn.getnativepicture.ImageGridActivity
ADDED from src\main\AndroidManifest.xml:119:9-123:20
	android:screenOrientation
		ADDED from src\main\AndroidManifest.xml:121:13-49
	android:theme
		ADDED from src\main\AndroidManifest.xml:122:13-66
	android:name
		ADDED from src\main\AndroidManifest.xml:120:13-69
activity#com.bn.tour.ScanPicActivity
ADDED from src\main\AndroidManifest.xml:124:9-128:20
	android:screenOrientation
		ADDED from src\main\AndroidManifest.xml:126:13-49
	android:theme
		ADDED from src\main\AndroidManifest.xml:127:13-77
	android:name
		ADDED from src\main\AndroidManifest.xml:125:13-55
activity#com.bn.tour.EditPhotoActivity
ADDED from src\main\AndroidManifest.xml:129:9-133:20
	android:screenOrientation
		ADDED from src\main\AndroidManifest.xml:131:13-49
	android:theme
		ADDED from src\main\AndroidManifest.xml:132:13-66
	android:name
		ADDED from src\main\AndroidManifest.xml:130:13-57
activity#com.bn.tour.PushDetailsActivity
ADDED from src\main\AndroidManifest.xml:134:9-138:20
	android:screenOrientation
		ADDED from src\main\AndroidManifest.xml:136:13-49
	android:theme
		ADDED from src\main\AndroidManifest.xml:137:13-66
	android:name
		ADDED from src\main\AndroidManifest.xml:135:13-59
activity#com.bn.plan.PlanDetailsActivity
ADDED from src\main\AndroidManifest.xml:139:9-143:20
	android:screenOrientation
		ADDED from src\main\AndroidManifest.xml:141:13-49
	android:theme
		ADDED from src\main\AndroidManifest.xml:142:13-66
	android:name
		ADDED from src\main\AndroidManifest.xml:140:13-59
activity#com.bn.travelnote.NoteActivity
ADDED from src\main\AndroidManifest.xml:144:9-148:20
	android:screenOrientation
		ADDED from src\main\AndroidManifest.xml:146:13-49
	android:theme
		ADDED from src\main\AndroidManifest.xml:147:13-66
	android:name
		ADDED from src\main\AndroidManifest.xml:145:13-58
activity#com.bn.user.LoginActivity
ADDED from src\main\AndroidManifest.xml:149:9-153:20
	android:screenOrientation
		ADDED from src\main\AndroidManifest.xml:151:13-49
	android:theme
		ADDED from src\main\AndroidManifest.xml:152:13-66
	android:name
		ADDED from src\main\AndroidManifest.xml:150:13-53
activity#com.bn.user.RegisterActivity
ADDED from src\main\AndroidManifest.xml:154:9-158:20
	android:screenOrientation
		ADDED from src\main\AndroidManifest.xml:156:13-49
	android:theme
		ADDED from src\main\AndroidManifest.xml:157:13-66
	android:name
		ADDED from src\main\AndroidManifest.xml:155:13-56
activity#com.bn.user.ChangeHeadActivity
ADDED from src\main\AndroidManifest.xml:159:9-163:20
	android:screenOrientation
		ADDED from src\main\AndroidManifest.xml:161:13-49
	android:theme
		ADDED from src\main\AndroidManifest.xml:162:13-66
	android:name
		ADDED from src\main\AndroidManifest.xml:160:13-58
activity#com.bn.user.PublishQianmActivity
ADDED from src\main\AndroidManifest.xml:164:9-168:20
	android:screenOrientation
		ADDED from src\main\AndroidManifest.xml:166:13-49
	android:theme
		ADDED from src\main\AndroidManifest.xml:167:13-66
	android:name
		ADDED from src\main\AndroidManifest.xml:165:13-60
activity#com.bn.user.ChangePasswordActivity
ADDED from src\main\AndroidManifest.xml:169:9-173:20
	android:screenOrientation
		ADDED from src\main\AndroidManifest.xml:171:13-49
	android:theme
		ADDED from src\main\AndroidManifest.xml:172:13-66
	android:name
		ADDED from src\main\AndroidManifest.xml:170:13-62
activity#com.bn.user.EditUserInfoActivity
ADDED from src\main\AndroidManifest.xml:174:9-178:20
	android:screenOrientation
		ADDED from src\main\AndroidManifest.xml:176:13-49
	android:theme
		ADDED from src\main\AndroidManifest.xml:177:13-66
	android:name
		ADDED from src\main\AndroidManifest.xml:175:13-60
activity#com.bn.bbs.MyPostActivity
ADDED from src\main\AndroidManifest.xml:179:9-183:20
	android:screenOrientation
		ADDED from src\main\AndroidManifest.xml:181:13-49
	android:theme
		ADDED from src\main\AndroidManifest.xml:182:13-66
	android:name
		ADDED from src\main\AndroidManifest.xml:180:13-53
activity#com.bn.travelnote.MyTravelTopicActivity
ADDED from src\main\AndroidManifest.xml:184:9-188:20
	android:screenOrientation
		ADDED from src\main\AndroidManifest.xml:186:13-49
	android:theme
		ADDED from src\main\AndroidManifest.xml:187:13-66
	android:name
		ADDED from src\main\AndroidManifest.xml:185:13-67
activity#com.bn.travelnote.MyNoteActivity
ADDED from src\main\AndroidManifest.xml:189:9-193:20
	android:screenOrientation
		ADDED from src\main\AndroidManifest.xml:191:13-49
	android:theme
		ADDED from src\main\AndroidManifest.xml:192:13-66
	android:name
		ADDED from src\main\AndroidManifest.xml:190:13-60
activity#com.bn.travelnote.WriteNoteActivity
ADDED from src\main\AndroidManifest.xml:194:9-198:20
	android:screenOrientation
		ADDED from src\main\AndroidManifest.xml:196:13-49
	android:theme
		ADDED from src\main\AndroidManifest.xml:197:13-66
	android:name
		ADDED from src\main\AndroidManifest.xml:195:13-63
activity#com.bn.travelnote.CreateTravelTopicActivity
ADDED from src\main\AndroidManifest.xml:199:9-203:20
	android:screenOrientation
		ADDED from src\main\AndroidManifest.xml:201:13-49
	android:theme
		ADDED from src\main\AndroidManifest.xml:202:13-66
	android:name
		ADDED from src\main\AndroidManifest.xml:200:13-71
activity#com.bn.plan.MyPlanActivity
ADDED from src\main\AndroidManifest.xml:204:9-208:20
	android:screenOrientation
		ADDED from src\main\AndroidManifest.xml:206:13-49
	android:theme
		ADDED from src\main\AndroidManifest.xml:207:13-66
	android:name
		ADDED from src\main\AndroidManifest.xml:205:13-54
activity#com.bn.plan.PublishPlanActivity
ADDED from src\main\AndroidManifest.xml:209:9-213:20
	android:screenOrientation
		ADDED from src\main\AndroidManifest.xml:211:13-49
	android:theme
		ADDED from src\main\AndroidManifest.xml:212:13-66
	android:name
		ADDED from src\main\AndroidManifest.xml:210:13-59
activity#com.bn.plan.MatchPlanActivity
ADDED from src\main\AndroidManifest.xml:214:9-218:20
	android:screenOrientation
		ADDED from src\main\AndroidManifest.xml:216:13-49
	android:theme
		ADDED from src\main\AndroidManifest.xml:217:13-66
	android:name
		ADDED from src\main\AndroidManifest.xml:215:13-57
activity#com.bn.message.MyMessageActivity
ADDED from src\main\AndroidManifest.xml:219:9-223:20
	android:screenOrientation
		ADDED from src\main\AndroidManifest.xml:221:13-49
	android:theme
		ADDED from src\main\AndroidManifest.xml:222:13-66
	android:name
		ADDED from src\main\AndroidManifest.xml:220:13-60
activity#com.bn.message.LeaveMessageActivity
ADDED from src\main\AndroidManifest.xml:224:9-228:20
	android:screenOrientation
		ADDED from src\main\AndroidManifest.xml:226:13-49
	android:theme
		ADDED from src\main\AndroidManifest.xml:227:13-66
	android:name
		ADDED from src\main\AndroidManifest.xml:225:13-63
activity#com.bn.user.LookUserInfoActivity
ADDED from src\main\AndroidManifest.xml:229:9-233:20
	android:screenOrientation
		ADDED from src\main\AndroidManifest.xml:231:13-49
	android:theme
		ADDED from src\main\AndroidManifest.xml:232:13-66
	android:name
		ADDED from src\main\AndroidManifest.xml:230:13-60
activity#com.bn.bbs.CreateBlockActivity
ADDED from src\main\AndroidManifest.xml:234:9-238:20
	android:screenOrientation
		ADDED from src\main\AndroidManifest.xml:236:13-49
	android:theme
		ADDED from src\main\AndroidManifest.xml:237:13-66
	android:name
		ADDED from src\main\AndroidManifest.xml:235:13-58
activity#com.bn.bbs.MyBlockActivity
ADDED from src\main\AndroidManifest.xml:239:9-243:20
	android:screenOrientation
		ADDED from src\main\AndroidManifest.xml:241:13-49
	android:theme
		ADDED from src\main\AndroidManifest.xml:242:13-66
	android:name
		ADDED from src\main\AndroidManifest.xml:240:13-54
activity#com.bn.bbs.BlockInfoActivity
ADDED from src\main\AndroidManifest.xml:244:9-248:20
	android:screenOrientation
		ADDED from src\main\AndroidManifest.xml:246:13-49
	android:theme
		ADDED from src\main\AndroidManifest.xml:247:13-66
	android:name
		ADDED from src\main\AndroidManifest.xml:245:13-56